<?xml version="1.0" encoding="UTF-8"?>
<robot generator="Robot 4.1.2 (Python 3.8.10 on linux)" generated="20211214 16:49:24.660" rpa="false" schemaversion="2">
<suite id="s1" name="APITestcase" source="/home/lai/PycharmProjects/Demo/APITestcase.robot">
<test id="s1-t1" name="APISettings">
<kw name="Login" library="common">
<arg>${my_email}</arg>
<arg>${my_pw}</arg>
<kw name="Open Browser" library="SeleniumLibrary">
<arg>url=https://app.deriv.com</arg>
<arg>browser=chrome</arg>
<doc>Opens a new browser instance to the optional ``url``.</doc>
<msg timestamp="20211214 16:49:24.872" level="INFO">Opening browser 'chrome' to base url 'https://app.deriv.com'.</msg>
<status status="PASS" starttime="20211214 16:49:24.872" endtime="20211214 16:49:38.094"/>
</kw>
<kw name="Set Window Size" library="SeleniumLibrary">
<arg>1920</arg>
<arg>1080</arg>
<doc>Sets current windows size to given ``width`` and ``height``.</doc>
<status status="PASS" starttime="20211214 16:49:38.095" endtime="20211214 16:49:38.426"/>
</kw>
<kw name="Wait Until Page Does Not Contain Element" library="SeleniumLibrary">
<arg>dt_core_header_acc-info-preloader</arg>
<arg>60</arg>
<doc>Waits until the element ``locator`` disappears from the current page.</doc>
<status status="PASS" starttime="20211214 16:49:38.426" endtime="20211214 16:49:38.524"/>
</kw>
<kw name="Wait Until Page Contains Element" library="SeleniumLibrary">
<arg>${login_btn}</arg>
<doc>Waits until the element ``locator`` appears on the current page.</doc>
<status status="PASS" starttime="20211214 16:49:38.525" endtime="20211214 16:49:38.537"/>
</kw>
<kw name="Click Element" library="SeleniumLibrary">
<arg>${login_btn}</arg>
<doc>Click the element identified by ``locator``.</doc>
<msg timestamp="20211214 16:49:38.538" level="INFO">Clicking element 'dt_login_button'.</msg>
<status status="PASS" starttime="20211214 16:49:38.537" endtime="20211214 16:49:38.632"/>
</kw>
<kw name="Wait Until Page Contains Element" library="SeleniumLibrary">
<arg>${email_field}</arg>
<doc>Waits until the element ``locator`` appears on the current page.</doc>
<status status="PASS" starttime="20211214 16:49:38.632" endtime="20211214 16:49:41.446"/>
</kw>
<kw name="Input Text" library="SeleniumLibrary">
<arg>${email_field}</arg>
<arg>${my_email}</arg>
<doc>Types the given ``text`` into the text field identified by ``locator``.</doc>
<msg timestamp="20211214 16:49:41.447" level="INFO">Typing text ' hockchun@besquare.com.my' into text field 'name=email'.</msg>
<status status="PASS" starttime="20211214 16:49:41.446" endtime="20211214 16:49:41.509"/>
</kw>
<kw name="Input Text" library="SeleniumLibrary">
<arg>${pw_field}</arg>
<arg>${my_pw}</arg>
<doc>Types the given ``text`` into the text field identified by ``locator``.</doc>
<msg timestamp="20211214 16:49:41.509" level="INFO">Typing text ' 00exiacustomR)' into text field '//*[@type="password"]'.</msg>
<status status="PASS" starttime="20211214 16:49:41.509" endtime="20211214 16:49:41.575"/>
</kw>
<kw name="Click Element" library="SeleniumLibrary">
<arg>${login_oauth_btn}</arg>
<doc>Click the element identified by ``locator``.</doc>
<msg timestamp="20211214 16:49:41.575" level="INFO">Clicking element '//*[text()="Log in"]'.</msg>
<status status="PASS" starttime="20211214 16:49:41.575" endtime="20211214 16:49:43.870"/>
</kw>
<status status="PASS" starttime="20211214 16:49:24.872" endtime="20211214 16:49:43.870"/>
</kw>
<kw name="APISettings">
<kw name="Wait Until Page Does Not Contain Element" library="SeleniumLibrary">
<arg>dt_core_header_acc-info-preloader</arg>
<arg>60</arg>
<doc>Waits until the element ``locator`` disappears from the current page.</doc>
<status status="PASS" starttime="20211214 16:49:43.871" endtime="20211214 16:49:47.576"/>
</kw>
<kw name="Wait Until Element Is Visible" library="SeleniumLibrary">
<arg>${account}</arg>
<doc>Waits until the element ``locator`` is visible.</doc>
<status status="PASS" starttime="20211214 16:49:47.577" endtime="20211214 16:49:47.610"/>
</kw>
<kw name="Click Element" library="SeleniumLibrary">
<arg>${account}</arg>
<doc>Click the element identified by ``locator``.</doc>
<msg timestamp="20211214 16:49:47.610" level="INFO">Clicking element '//*[@id="dt_core_header_acc-info-container"]/div[2]/div/div/span/a'.</msg>
<status status="PASS" starttime="20211214 16:49:47.610" endtime="20211214 16:49:47.713"/>
</kw>
<kw name="Wait Until Element Is Visible" library="SeleniumLibrary">
<arg>${API}</arg>
<arg>30</arg>
<doc>Waits until the element ``locator`` is visible.</doc>
<status status="PASS" starttime="20211214 16:49:47.714" endtime="20211214 16:49:49.245"/>
</kw>
<kw name="Click Element" library="SeleniumLibrary">
<arg>${API}</arg>
<doc>Click the element identified by ``locator``.</doc>
<msg timestamp="20211214 16:49:49.246" level="INFO">Clicking element '//*[@id="dc_api-token_link"]'.</msg>
<status status="PASS" starttime="20211214 16:49:49.246" endtime="20211214 16:49:49.344"/>
</kw>
<kw name="Sleep" library="BuiltIn">
<arg>10</arg>
<doc>Pauses the test executed for the given time.</doc>
<msg timestamp="20211214 16:49:59.345" level="INFO">Slept 10 seconds</msg>
<status status="PASS" starttime="20211214 16:49:49.344" endtime="20211214 16:49:59.347"/>
</kw>
<status status="PASS" starttime="20211214 16:49:43.871" endtime="20211214 16:49:59.347"/>
</kw>
<kw name="DeleteTokenYes">
<kw name="Click Element" library="SeleniumLibrary">
<arg>${read_checkbox}</arg>
<doc>Click the element identified by ``locator``.</doc>
<msg timestamp="20211214 16:49:59.350" level="INFO">Clicking element '//*[@id="app_contents"]/div/div/div/div/div[2]/div/div[2]/div/section/div/div/form/div/div[1]/div[2]/div/div/div/div[1]/label/span[1]'.</msg>
<status status="PASS" starttime="20211214 16:49:59.349" endtime="20211214 16:49:59.413"/>
</kw>
<kw name="Input Text" library="SeleniumLibrary">
<arg>${name_field}</arg>
<arg>TestAPI1Scope</arg>
<doc>Types the given ``text`` into the text field identified by ``locator``.</doc>
<msg timestamp="20211214 16:49:59.414" level="INFO">Typing text 'TestAPI1Scope' into text field '//*[@id="app_contents"]/div/div/div/div/div[2]/div/div[2]/div/section/div/div/form/div/div[2]/div[2]/div/div/div/div/input'.</msg>
<status status="PASS" starttime="20211214 16:49:59.413" endtime="20211214 16:49:59.606"/>
</kw>
<kw name="Click Element" library="SeleniumLibrary">
<arg>${submit_btn}</arg>
<doc>Click the element identified by ``locator``.</doc>
<msg timestamp="20211214 16:49:59.607" level="INFO">Clicking element '//*[@id="app_contents"]/div/div/div/div/div[2]/div/div[2]/div/section/div/div/form/div/div[2]/div[2]/div/div/div/button'.</msg>
<status status="PASS" starttime="20211214 16:49:59.606" endtime="20211214 16:49:59.701"/>
</kw>
<kw name="Sleep" library="BuiltIn">
<arg>5</arg>
<doc>Pauses the test executed for the given time.</doc>
<msg timestamp="20211214 16:50:04.702" level="INFO">Slept 5 seconds</msg>
<status status="PASS" starttime="20211214 16:49:59.702" endtime="20211214 16:50:04.703"/>
</kw>
<kw name="Page Should Contain Element" library="SeleniumLibrary">
<arg>//*[text()="TestAPI1Scope"]</arg>
<doc>Verifies that element ``locator`` is found on the current page.</doc>
<msg timestamp="20211214 16:50:04.724" level="INFO">Current page contains element '//*[text()="TestAPI1Scope"]'.</msg>
<status status="PASS" starttime="20211214 16:50:04.703" endtime="20211214 16:50:04.724"/>
</kw>
<kw name="Sleep" library="BuiltIn">
<arg>5</arg>
<doc>Pauses the test executed for the given time.</doc>
<msg timestamp="20211214 16:50:09.724" level="INFO">Slept 5 seconds</msg>
<status status="PASS" starttime="20211214 16:50:04.724" endtime="20211214 16:50:09.724"/>
</kw>
<kw name="Click Element" library="SeleniumLibrary">
<arg>${delete_btn}</arg>
<doc>Click the element identified by ``locator``.</doc>
<msg timestamp="20211214 16:50:09.725" level="INFO">Clicking element '//*[@id="app_contents"]/div/div/div/div/div[2]/div/div[2]/div/section/div/div/form/div/div[3]/div[2]/div/div/table/tbody/tr[1]/td[5]/button'.</msg>
<status status="PASS" starttime="20211214 16:50:09.725" endtime="20211214 16:50:09.767"/>
</kw>
<kw name="Sleep" library="BuiltIn">
<arg>5</arg>
<doc>Pauses the test executed for the given time.</doc>
<msg timestamp="20211214 16:50:14.768" level="INFO">Slept 5 seconds</msg>
<status status="PASS" starttime="20211214 16:50:09.767" endtime="20211214 16:50:14.768"/>
</kw>
<kw name="Click Element" library="SeleniumLibrary">
<arg>${yesdelete}</arg>
<doc>Click the element identified by ``locator``.</doc>
<msg timestamp="20211214 16:50:14.769" level="INFO">Clicking element '//*[@id="app_contents"]/div/div/div/div/div[2]/div/div[2]/div/section/div/div/form/div/div[3]/div[2]/div/div/table/tbody/tr[1]/td[5]/div/button[2]'.</msg>
<status status="PASS" starttime="20211214 16:50:14.769" endtime="20211214 16:50:14.828"/>
</kw>
<kw name="Sleep" library="BuiltIn">
<arg>5</arg>
<doc>Pauses the test executed for the given time.</doc>
<msg timestamp="20211214 16:50:19.829" level="INFO">Slept 5 seconds</msg>
<status status="PASS" starttime="20211214 16:50:14.828" endtime="20211214 16:50:19.829"/>
</kw>
<kw name="Page Should Not Contain Element" library="SeleniumLibrary">
<arg>//*[text()="TestAPI1Scope"]</arg>
<doc>Verifies that element ``locator`` is not found on the current page.</doc>
<msg timestamp="20211214 16:50:19.849" level="INFO">Current page does not contain element '//*[text()="TestAPI1Scope"]'.</msg>
<status status="PASS" starttime="20211214 16:50:19.829" endtime="20211214 16:50:19.849"/>
</kw>
<status status="PASS" starttime="20211214 16:49:59.348" endtime="20211214 16:50:19.850"/>
</kw>
<kw name="DeleteTokenNo">
<kw name="Click Element" library="SeleniumLibrary">
<arg>${read_checkbox}</arg>
<doc>Click the element identified by ``locator``.</doc>
<msg timestamp="20211214 16:50:19.851" level="INFO">Clicking element '//*[@id="app_contents"]/div/div/div/div/div[2]/div/div[2]/div/section/div/div/form/div/div[1]/div[2]/div/div/div/div[1]/label/span[1]'.</msg>
<status status="PASS" starttime="20211214 16:50:19.850" endtime="20211214 16:50:19.906"/>
</kw>
<kw name="Input Text" library="SeleniumLibrary">
<arg>${name_field}</arg>
<arg>TestAPI1Scope</arg>
<doc>Types the given ``text`` into the text field identified by ``locator``.</doc>
<msg timestamp="20211214 16:50:19.906" level="INFO">Typing text 'TestAPI1Scope' into text field '//*[@id="app_contents"]/div/div/div/div/div[2]/div/div[2]/div/section/div/div/form/div/div[2]/div[2]/div/div/div/div/input'.</msg>
<status status="PASS" starttime="20211214 16:50:19.906" endtime="20211214 16:50:20.078"/>
</kw>
<kw name="Click Element" library="SeleniumLibrary">
<arg>${submit_btn}</arg>
<doc>Click the element identified by ``locator``.</doc>
<msg timestamp="20211214 16:50:20.079" level="INFO">Clicking element '//*[@id="app_contents"]/div/div/div/div/div[2]/div/div[2]/div/section/div/div/form/div/div[2]/div[2]/div/div/div/button'.</msg>
<status status="PASS" starttime="20211214 16:50:20.079" endtime="20211214 16:50:20.172"/>
</kw>
<kw name="Sleep" library="BuiltIn">
<arg>5</arg>
<doc>Pauses the test executed for the given time.</doc>
<msg timestamp="20211214 16:50:25.173" level="INFO">Slept 5 seconds</msg>
<status status="PASS" starttime="20211214 16:50:20.172" endtime="20211214 16:50:25.173"/>
</kw>
<kw name="Page Should Contain Element" library="SeleniumLibrary">
<arg>//*[text()="TestAPI1Scope"]</arg>
<doc>Verifies that element ``locator`` is found on the current page.</doc>
<msg timestamp="20211214 16:50:25.185" level="INFO">Current page contains element '//*[text()="TestAPI1Scope"]'.</msg>
<status status="PASS" starttime="20211214 16:50:25.173" endtime="20211214 16:50:25.185"/>
</kw>
<kw name="Sleep" library="BuiltIn">
<arg>5</arg>
<doc>Pauses the test executed for the given time.</doc>
<msg timestamp="20211214 16:50:30.186" level="INFO">Slept 5 seconds</msg>
<status status="PASS" starttime="20211214 16:50:25.185" endtime="20211214 16:50:30.186"/>
</kw>
<kw name="Click Element" library="SeleniumLibrary">
<arg>${delete_btn}</arg>
<doc>Click the element identified by ``locator``.</doc>
<msg timestamp="20211214 16:50:30.187" level="INFO">Clicking element '//*[@id="app_contents"]/div/div/div/div/div[2]/div/div[2]/div/section/div/div/form/div/div[3]/div[2]/div/div/table/tbody/tr[1]/td[5]/button'.</msg>
<status status="PASS" starttime="20211214 16:50:30.186" endtime="20211214 16:50:30.254"/>
</kw>
<kw name="Sleep" library="BuiltIn">
<arg>5</arg>
<doc>Pauses the test executed for the given time.</doc>
<msg timestamp="20211214 16:50:35.255" level="INFO">Slept 5 seconds</msg>
<status status="PASS" starttime="20211214 16:50:30.254" endtime="20211214 16:50:35.255"/>
</kw>
<kw name="Click Element" library="SeleniumLibrary">
<arg>${nodelete}</arg>
<doc>Click the element identified by ``locator``.</doc>
<msg timestamp="20211214 16:50:35.256" level="INFO">Clicking element '//*[@id="app_contents"]/div/div/div/div/div[2]/div/div[2]/div/section/div/div/form/div/div[3]/div[2]/div/div/table/tbody/tr[1]/td[5]/div/button[1]'.</msg>
<status status="PASS" starttime="20211214 16:50:35.255" endtime="20211214 16:50:35.325"/>
</kw>
<kw name="Sleep" library="BuiltIn">
<arg>5</arg>
<doc>Pauses the test executed for the given time.</doc>
<msg timestamp="20211214 16:50:40.325" level="INFO">Slept 5 seconds</msg>
<status status="PASS" starttime="20211214 16:50:35.325" endtime="20211214 16:50:40.326"/>
</kw>
<kw name="Page Should Contain Element" library="SeleniumLibrary">
<arg>//*[text()="TestAPI1Scope"]</arg>
<doc>Verifies that element ``locator`` is found on the current page.</doc>
<msg timestamp="20211214 16:50:40.339" level="INFO">Current page contains element '//*[text()="TestAPI1Scope"]'.</msg>
<status status="PASS" starttime="20211214 16:50:40.326" endtime="20211214 16:50:40.340"/>
</kw>
<status status="PASS" starttime="20211214 16:50:19.850" endtime="20211214 16:50:40.340"/>
</kw>
<kw name="CloseBtn">
<kw name="Click Element" library="SeleniumLibrary">
<arg>//*[@id="app_contents"]/div/div/div/div/div[1]/div/div[2]</arg>
<doc>Click the element identified by ``locator``.</doc>
<msg timestamp="20211214 16:50:40.341" level="INFO">Clicking element '//*[@id="app_contents"]/div/div/div/div/div[1]/div/div[2]'.</msg>
<status status="PASS" starttime="20211214 16:50:40.341" endtime="20211214 16:50:40.582"/>
</kw>
<kw name="Sleep" library="BuiltIn">
<arg>20</arg>
<doc>Pauses the test executed for the given time.</doc>
<msg timestamp="20211214 16:51:00.589" level="INFO">Slept 20 seconds</msg>
<status status="PASS" starttime="20211214 16:50:40.582" endtime="20211214 16:51:00.591"/>
</kw>
<kw name="Page Should Contain Element" library="SeleniumLibrary">
<arg>//*[@id="trade"]/div/div[1]/div/div/div[1]/div[2]/div[13]</arg>
<doc>Verifies that element ``locator`` is found on the current page.</doc>
<msg timestamp="20211214 16:51:00.647" level="INFO">Current page contains element '//*[@id="trade"]/div/div[1]/div/div/div[1]/div[2]/div[13]'.</msg>
<status status="PASS" starttime="20211214 16:51:00.592" endtime="20211214 16:51:00.647"/>
</kw>
<status status="PASS" starttime="20211214 16:50:40.340" endtime="20211214 16:51:00.648"/>
</kw>
<status status="PASS" starttime="20211214 16:49:24.871" endtime="20211214 16:51:00.648"/>
</test>
<status status="PASS" starttime="20211214 16:49:24.661" endtime="20211214 16:51:00.650"/>
</suite>
<statistics>
<total>
<stat pass="1" fail="0" skip="0">All Tests</stat>
</total>
<tag>
</tag>
<suite>
<stat pass="1" fail="0" skip="0" id="s1" name="APITestcase">APITestcase</stat>
</suite>
</statistics>
<errors>
</errors>
</robot>
